0 info it worked if it ends with ok
1 verbose cli [ '/opt/node-v6.1.0-linux-x64/bin/node',
1 verbose cli   '/opt/node-v6.1.0-linux-x64/bin/npm',
1 verbose cli   'install' ]
2 info using npm@3.8.6
3 info using node@v6.1.0
4 silly loadCurrentTree Starting
5 silly install loadCurrentTree
6 silly install readLocalPackageData
7 silly install normalizeTree
8 silly loadCurrentTree Finishing
9 silly loadIdealTree Starting
10 silly install loadIdealTree
11 silly cloneCurrentTree Starting
12 silly install cloneCurrentTreeToIdealTree
13 silly cloneCurrentTree Finishing
14 silly loadShrinkwrap Starting
15 silly install loadShrinkwrap
16 silly loadShrinkwrap Finishing
17 silly loadAllDepsIntoIdealTree Starting
18 silly install loadAllDepsIntoIdealTree
19 silly fetchNamedPackageData async
20 silly mapToRegistry name async
21 silly mapToRegistry using default registry
22 silly mapToRegistry registry https://registry.npmjs.org/
23 silly mapToRegistry data Result {
23 silly mapToRegistry   raw: 'async',
23 silly mapToRegistry   scope: null,
23 silly mapToRegistry   name: 'async',
23 silly mapToRegistry   rawSpec: '',
23 silly mapToRegistry   spec: 'latest',
23 silly mapToRegistry   type: 'tag' }
24 silly mapToRegistry uri https://registry.npmjs.org/async
25 silly fetchNamedPackageData coffee-script
26 silly mapToRegistry name coffee-script
27 silly mapToRegistry using default registry
28 silly mapToRegistry registry https://registry.npmjs.org/
29 silly mapToRegistry data Result {
29 silly mapToRegistry   raw: 'coffee-script',
29 silly mapToRegistry   scope: null,
29 silly mapToRegistry   name: 'coffee-script',
29 silly mapToRegistry   rawSpec: '',
29 silly mapToRegistry   spec: 'latest',
29 silly mapToRegistry   type: 'tag' }
30 silly mapToRegistry uri https://registry.npmjs.org/coffee-script
31 silly fetchNamedPackageData imagemagick
32 silly mapToRegistry name imagemagick
33 silly mapToRegistry using default registry
34 silly mapToRegistry registry https://registry.npmjs.org/
35 silly mapToRegistry data Result {
35 silly mapToRegistry   raw: 'imagemagick',
35 silly mapToRegistry   scope: null,
35 silly mapToRegistry   name: 'imagemagick',
35 silly mapToRegistry   rawSpec: '',
35 silly mapToRegistry   spec: 'latest',
35 silly mapToRegistry   type: 'tag' }
36 silly mapToRegistry uri https://registry.npmjs.org/imagemagick
37 silly fetchNamedPackageData knox
38 silly mapToRegistry name knox
39 silly mapToRegistry using default registry
40 silly mapToRegistry registry https://registry.npmjs.org/
41 silly mapToRegistry data Result {
41 silly mapToRegistry   raw: 'knox',
41 silly mapToRegistry   scope: null,
41 silly mapToRegistry   name: 'knox',
41 silly mapToRegistry   rawSpec: '',
41 silly mapToRegistry   spec: 'latest',
41 silly mapToRegistry   type: 'tag' }
42 silly mapToRegistry uri https://registry.npmjs.org/knox
43 silly fetchNamedPackageData papercut
44 silly mapToRegistry name papercut
45 silly mapToRegistry using default registry
46 silly mapToRegistry registry https://registry.npmjs.org/
47 silly mapToRegistry data Result {
47 silly mapToRegistry   raw: 'papercut',
47 silly mapToRegistry   scope: null,
47 silly mapToRegistry   name: 'papercut',
47 silly mapToRegistry   rawSpec: '',
47 silly mapToRegistry   spec: 'latest',
47 silly mapToRegistry   type: 'tag' }
48 silly mapToRegistry uri https://registry.npmjs.org/papercut
49 silly fetchOtherPackageData enyo/dropzone@*
50 silly cache add args [ 'enyo/dropzone@*', null ]
51 verbose cache add spec enyo/dropzone@*
52 silly cache add parsed spec Result {
52 silly cache add   raw: 'enyo/dropzone@*',
52 silly cache add   scope: null,
52 silly cache add   name: null,
52 silly cache add   rawSpec: 'enyo/dropzone@*',
52 silly cache add   spec: '/home/marcus/projects/ecommerce-exam/ecommerce-project/enyo/dropzone@*',
52 silly cache add   type: 'local' }
53 error addLocal Could not install /home/marcus/projects/ecommerce-exam/ecommerce-project/enyo/dropzone@*
54 silly fetchPackageMetaData Error: ENOENT: no such file or directory, open '/home/marcus/projects/ecommerce-exam/ecommerce-project/enyo/dropzone@*'
54 silly fetchPackageMetaData     at Error (native)
54 silly fetchPackageMetaData  error for enyo/dropzone@* { Error: ENOENT: no such file or directory, open '/home/marcus/projects/ecommerce-exam/ecommerce-project/enyo/dropzone@*'
54 silly fetchPackageMetaData     at Error (native)
54 silly fetchPackageMetaData   errno: -2,
54 silly fetchPackageMetaData   code: 'ENOENT',
54 silly fetchPackageMetaData   syscall: 'open',
54 silly fetchPackageMetaData   path: '/home/marcus/projects/ecommerce-exam/ecommerce-project/enyo/dropzone@*' }
55 verbose request uri https://registry.npmjs.org/knox
56 verbose request no auth needed
57 info attempt registry request try #1 at 9:34:47 AM
58 verbose request id 4a2d444563588705
59 verbose etag "8CFC18ZXA8VU7S6DHPDD0DSN0"
60 http request GET https://registry.npmjs.org/knox
61 verbose request uri https://registry.npmjs.org/papercut
62 verbose request no auth needed
63 info attempt registry request try #1 at 9:34:48 AM
64 verbose etag "E6KYZ6TLB9JI7ETDGS949R99A"
65 http request GET https://registry.npmjs.org/papercut
66 verbose request uri https://registry.npmjs.org/coffee-script
67 verbose request no auth needed
68 info attempt registry request try #1 at 9:34:48 AM
69 verbose etag "46L2U4TZZ7D8CK55748TENPXM"
70 http request GET https://registry.npmjs.org/coffee-script
71 verbose request uri https://registry.npmjs.org/imagemagick
72 verbose request no auth needed
73 info attempt registry request try #1 at 9:34:48 AM
74 verbose etag "5CP4G9BZX7Y0LQ1RRRZOM8ZI3"
75 http request GET https://registry.npmjs.org/imagemagick
76 verbose request uri https://registry.npmjs.org/async
77 verbose request no auth needed
78 info attempt registry request try #1 at 9:34:48 AM
79 verbose etag "C0UI6JPRYVKDKS6CN4NMYMGK8"
80 http request GET https://registry.npmjs.org/async
81 http 304 https://registry.npmjs.org/coffee-script
82 verbose headers { date: 'Thu, 26 May 2016 01:34:48 GMT',
82 verbose headers   via: '1.1 varnish',
82 verbose headers   'cache-control': 'max-age=300',
82 verbose headers   etag: '"46L2U4TZZ7D8CK55748TENPXM"',
82 verbose headers   age: '212',
82 verbose headers   connection: 'keep-alive',
82 verbose headers   'x-served-by': 'cache-sjc3623-SJC',
82 verbose headers   'x-cache': 'HIT',
82 verbose headers   'x-cache-hits': '1',
82 verbose headers   'x-timer': 'S1464226488.572610,VS0,VE0',
82 verbose headers   vary: 'Accept-Encoding' }
83 silly get cb [ 304,
83 silly get   { date: 'Thu, 26 May 2016 01:34:48 GMT',
83 silly get     via: '1.1 varnish',
83 silly get     'cache-control': 'max-age=300',
83 silly get     etag: '"46L2U4TZZ7D8CK55748TENPXM"',
83 silly get     age: '212',
83 silly get     connection: 'keep-alive',
83 silly get     'x-served-by': 'cache-sjc3623-SJC',
83 silly get     'x-cache': 'HIT',
83 silly get     'x-cache-hits': '1',
83 silly get     'x-timer': 'S1464226488.572610,VS0,VE0',
83 silly get     vary: 'Accept-Encoding' } ]
84 verbose etag https://registry.npmjs.org/coffee-script from cache
85 verbose get saving coffee-script to /home/marcus/.npm/registry.npmjs.org/coffee-script/.cache.json
86 verbose correctMkdir /home/marcus/.npm correctMkdir not in flight; initializing
87 http 304 https://registry.npmjs.org/knox
88 verbose headers { date: 'Thu, 26 May 2016 01:34:48 GMT',
88 verbose headers   via: '1.1 varnish',
88 verbose headers   'cache-control': 'max-age=300',
88 verbose headers   etag: '"8CFC18ZXA8VU7S6DHPDD0DSN0"',
88 verbose headers   age: '246',
88 verbose headers   connection: 'keep-alive',
88 verbose headers   'x-served-by': 'cache-sjc3643-SJC',
88 verbose headers   'x-cache': 'HIT',
88 verbose headers   'x-cache-hits': '1',
88 verbose headers   'x-timer': 'S1464226488.572612,VS0,VE0',
88 verbose headers   vary: 'Accept-Encoding' }
89 silly get cb [ 304,
89 silly get   { date: 'Thu, 26 May 2016 01:34:48 GMT',
89 silly get     via: '1.1 varnish',
89 silly get     'cache-control': 'max-age=300',
89 silly get     etag: '"8CFC18ZXA8VU7S6DHPDD0DSN0"',
89 silly get     age: '246',
89 silly get     connection: 'keep-alive',
89 silly get     'x-served-by': 'cache-sjc3643-SJC',
89 silly get     'x-cache': 'HIT',
89 silly get     'x-cache-hits': '1',
89 silly get     'x-timer': 'S1464226488.572612,VS0,VE0',
89 silly get     vary: 'Accept-Encoding' } ]
90 verbose etag https://registry.npmjs.org/knox from cache
91 verbose get saving knox to /home/marcus/.npm/registry.npmjs.org/knox/.cache.json
92 verbose correctMkdir /home/marcus/.npm correctMkdir already in flight; waiting
93 silly resolveWithNewModule coffee-script@1.10.0 checking installable status
94 silly cache add args [ 'coffee-script@^1.10.0', null ]
95 verbose cache add spec coffee-script@^1.10.0
96 silly cache add parsed spec Result {
96 silly cache add   raw: 'coffee-script@^1.10.0',
96 silly cache add   scope: null,
96 silly cache add   name: 'coffee-script',
96 silly cache add   rawSpec: '^1.10.0',
96 silly cache add   spec: '>=1.10.0 <2.0.0',
96 silly cache add   type: 'range' }
97 silly addNamed coffee-script@>=1.10.0 <2.0.0
98 verbose addNamed ">=1.10.0 <2.0.0" is a valid semver range for coffee-script
99 silly addNameRange { name: 'coffee-script',
99 silly addNameRange   range: '>=1.10.0 <2.0.0',
99 silly addNameRange   hasData: false }
100 silly mapToRegistry name coffee-script
101 silly mapToRegistry using default registry
102 silly mapToRegistry registry https://registry.npmjs.org/
103 silly mapToRegistry data Result {
103 silly mapToRegistry   raw: 'coffee-script',
103 silly mapToRegistry   scope: null,
103 silly mapToRegistry   name: 'coffee-script',
103 silly mapToRegistry   rawSpec: '',
103 silly mapToRegistry   spec: 'latest',
103 silly mapToRegistry   type: 'tag' }
104 silly mapToRegistry uri https://registry.npmjs.org/coffee-script
105 verbose addNameRange registry:https://registry.npmjs.org/coffee-script not in flight; fetching
106 silly resolveWithNewModule knox@0.9.2 checking installable status
107 silly cache add args [ 'knox@^0.9.2', null ]
108 verbose cache add spec knox@^0.9.2
109 silly cache add parsed spec Result {
109 silly cache add   raw: 'knox@^0.9.2',
109 silly cache add   scope: null,
109 silly cache add   name: 'knox',
109 silly cache add   rawSpec: '^0.9.2',
109 silly cache add   spec: '>=0.9.2 <0.10.0',
109 silly cache add   type: 'range' }
110 silly addNamed knox@>=0.9.2 <0.10.0
111 verbose addNamed ">=0.9.2 <0.10.0" is a valid semver range for knox
112 silly addNameRange { name: 'knox', range: '>=0.9.2 <0.10.0', hasData: false }
113 silly mapToRegistry name knox
114 silly mapToRegistry using default registry
115 silly mapToRegistry registry https://registry.npmjs.org/
116 silly mapToRegistry data Result {
116 silly mapToRegistry   raw: 'knox',
116 silly mapToRegistry   scope: null,
116 silly mapToRegistry   name: 'knox',
116 silly mapToRegistry   rawSpec: '',
116 silly mapToRegistry   spec: 'latest',
116 silly mapToRegistry   type: 'tag' }
117 silly mapToRegistry uri https://registry.npmjs.org/knox
118 verbose addNameRange registry:https://registry.npmjs.org/knox not in flight; fetching
119 verbose get https://registry.npmjs.org/coffee-script not expired, no request
120 silly addNameRange number 2 { name: 'coffee-script',
120 silly addNameRange   range: '>=1.10.0 <2.0.0',
120 silly addNameRange   hasData: true }
121 silly addNameRange versions [ 'coffee-script',
121 silly addNameRange   [ '0.7.0',
121 silly addNameRange     '0.7.1',
121 silly addNameRange     '0.7.2',
121 silly addNameRange     '0.9.0',
121 silly addNameRange     '0.9.1',
121 silly addNameRange     '0.9.2',
121 silly addNameRange     '0.9.3',
121 silly addNameRange     '0.9.4',
121 silly addNameRange     '0.9.5',
121 silly addNameRange     '0.9.6',
121 silly addNameRange     '1.0.0',
121 silly addNameRange     '1.0.1',
121 silly addNameRange     '1.1.0',
121 silly addNameRange     '1.1.1',
121 silly addNameRange     '1.1.2',
121 silly addNameRange     '1.1.3',
121 silly addNameRange     '1.2.0',
121 silly addNameRange     '1.3.0',
121 silly addNameRange     '1.3.1',
121 silly addNameRange     '1.3.2',
121 silly addNameRange     '1.3.3',
121 silly addNameRange     '1.4.0',
121 silly addNameRange     '1.5.0',
121 silly addNameRange     '1.6.0',
121 silly addNameRange     '1.6.1',
121 silly addNameRange     '1.6.2',
121 silly addNameRange     '1.6.3',
121 silly addNameRange     '1.7.0',
121 silly addNameRange     '1.7.1',
121 silly addNameRange     '1.8.0',
121 silly addNameRange     '1.9.0',
121 silly addNameRange     '1.9.1',
121 silly addNameRange     '1.9.2',
121 silly addNameRange     '1.9.3',
121 silly addNameRange     '1.10.0' ] ]
122 silly addNamed coffee-script@1.10.0
123 verbose addNamed "1.10.0" is a plain semver version for coffee-script
124 verbose get https://registry.npmjs.org/knox not expired, no request
125 silly addNameRange number 2 { name: 'knox', range: '>=0.9.2 <0.10.0', hasData: true }
126 silly addNameRange versions [ 'knox',
126 silly addNameRange   [ '0.0.1',
126 silly addNameRange     '0.0.2',
126 silly addNameRange     '0.0.3',
126 silly addNameRange     '0.0.4',
126 silly addNameRange     '0.0.5',
126 silly addNameRange     '0.0.6',
126 silly addNameRange     '0.0.7',
126 silly addNameRange     '0.0.8',
126 silly addNameRange     '0.0.9',
126 silly addNameRange     '0.0.10',
126 silly addNameRange     '0.0.11',
126 silly addNameRange     '0.1.0',
126 silly addNameRange     '0.2.0',
126 silly addNameRange     '0.3.0',
126 silly addNameRange     '0.3.1',
126 silly addNameRange     '0.4.0',
126 silly addNameRange     '0.4.1',
126 silly addNameRange     '0.4.2',
126 silly addNameRange     '0.4.3',
126 silly addNameRange     '0.4.4',
126 silly addNameRange     '0.4.5',
126 silly addNameRange     '0.4.6',
126 silly addNameRange     '0.4.7',
126 silly addNameRange     '0.5.0',
126 silly addNameRange     '0.5.2',
126 silly addNameRange     '0.5.3',
126 silly addNameRange     '0.5.4',
126 silly addNameRange     '0.5.5',
126 silly addNameRange     '0.6.0',
126 silly addNameRange     '0.7.0',
126 silly addNameRange     '0.7.1',
126 silly addNameRange     '0.8.0',
126 silly addNameRange     '0.8.1',
126 silly addNameRange     '0.8.2',
126 silly addNameRange     '0.8.3',
126 silly addNameRange     '0.8.4',
126 silly addNameRange     '0.8.5',
126 silly addNameRange     '0.8.6',
126 silly addNameRange     '0.8.7',
126 silly addNameRange     '0.8.8',
126 silly addNameRange     '0.8.9',
126 silly addNameRange     '0.8.10',
126 silly addNameRange     '0.9.0',
126 silly addNameRange     '0.9.1',
126 silly addNameRange     '0.9.2' ] ]
127 silly addNamed knox@0.9.2
128 verbose addNamed "0.9.2" is a plain semver version for knox
129 silly cache afterAdd coffee-script@1.10.0
130 verbose afterAdd /home/marcus/.npm/coffee-script/1.10.0/package/package.json not in flight; writing
131 verbose correctMkdir /home/marcus/.npm correctMkdir not in flight; initializing
132 silly cache afterAdd knox@0.9.2
133 verbose afterAdd /home/marcus/.npm/knox/0.9.2/package/package.json not in flight; writing
134 verbose correctMkdir /home/marcus/.npm correctMkdir not in flight; initializing
135 http 304 https://registry.npmjs.org/papercut
136 verbose headers { date: 'Thu, 26 May 2016 01:34:48 GMT',
136 verbose headers   via: '1.1 varnish',
136 verbose headers   'cache-control': 'max-age=300',
136 verbose headers   etag: '"E6KYZ6TLB9JI7ETDGS949R99A"',
136 verbose headers   age: '0',
136 verbose headers   connection: 'keep-alive',
136 verbose headers   'x-served-by': 'cache-sjc3634-SJC',
136 verbose headers   'x-cache': 'MISS',
136 verbose headers   'x-cache-hits': '0',
136 verbose headers   'x-timer': 'S1464226488.577287,VS0,VE41',
136 verbose headers   vary: 'Accept-Encoding' }
137 silly get cb [ 304,
137 silly get   { date: 'Thu, 26 May 2016 01:34:48 GMT',
137 silly get     via: '1.1 varnish',
137 silly get     'cache-control': 'max-age=300',
137 silly get     etag: '"E6KYZ6TLB9JI7ETDGS949R99A"',
137 silly get     age: '0',
137 silly get     connection: 'keep-alive',
137 silly get     'x-served-by': 'cache-sjc3634-SJC',
137 silly get     'x-cache': 'MISS',
137 silly get     'x-cache-hits': '0',
137 silly get     'x-timer': 'S1464226488.577287,VS0,VE41',
137 silly get     vary: 'Accept-Encoding' } ]
138 verbose etag https://registry.npmjs.org/papercut from cache
139 verbose get saving papercut to /home/marcus/.npm/registry.npmjs.org/papercut/.cache.json
140 verbose correctMkdir /home/marcus/.npm correctMkdir not in flight; initializing
141 verbose afterAdd /home/marcus/.npm/coffee-script/1.10.0/package/package.json written
142 verbose afterAdd /home/marcus/.npm/knox/0.9.2/package/package.json written
143 silly resolveWithNewModule papercut@0.0.6 checking installable status
144 silly cache add args [ 'papercut@0.0.6', null ]
145 verbose cache add spec papercut@0.0.6
146 silly cache add parsed spec Result {
146 silly cache add   raw: 'papercut@0.0.6',
146 silly cache add   scope: null,
146 silly cache add   name: 'papercut',
146 silly cache add   rawSpec: '0.0.6',
146 silly cache add   spec: '0.0.6',
146 silly cache add   type: 'version' }
147 silly addNamed papercut@0.0.6
148 verbose addNamed "0.0.6" is a plain semver version for papercut
149 silly mapToRegistry name papercut
150 silly mapToRegistry using default registry
151 silly mapToRegistry registry https://registry.npmjs.org/
152 silly mapToRegistry data Result {
152 silly mapToRegistry   raw: 'papercut',
152 silly mapToRegistry   scope: null,
152 silly mapToRegistry   name: 'papercut',
152 silly mapToRegistry   rawSpec: '',
152 silly mapToRegistry   spec: 'latest',
152 silly mapToRegistry   type: 'tag' }
153 silly mapToRegistry uri https://registry.npmjs.org/papercut
154 verbose addNameVersion registry:https://registry.npmjs.org/papercut not in flight; fetching
155 http 304 https://registry.npmjs.org/imagemagick
156 verbose headers { date: 'Thu, 26 May 2016 01:34:48 GMT',
156 verbose headers   via: '1.1 varnish',
156 verbose headers   'cache-control': 'max-age=300',
156 verbose headers   etag: '"5CP4G9BZX7Y0LQ1RRRZOM8ZI3"',
156 verbose headers   age: '0',
156 verbose headers   connection: 'keep-alive',
156 verbose headers   'x-served-by': 'cache-sjc3624-SJC',
156 verbose headers   'x-cache': 'HIT',
156 verbose headers   'x-cache-hits': '1',
156 verbose headers   'x-timer': 'S1464226488.580080,VS0,VE88',
156 verbose headers   vary: 'Accept-Encoding' }
157 silly get cb [ 304,
157 silly get   { date: 'Thu, 26 May 2016 01:34:48 GMT',
157 silly get     via: '1.1 varnish',
157 silly get     'cache-control': 'max-age=300',
157 silly get     etag: '"5CP4G9BZX7Y0LQ1RRRZOM8ZI3"',
157 silly get     age: '0',
157 silly get     connection: 'keep-alive',
157 silly get     'x-served-by': 'cache-sjc3624-SJC',
157 silly get     'x-cache': 'HIT',
157 silly get     'x-cache-hits': '1',
157 silly get     'x-timer': 'S1464226488.580080,VS0,VE88',
157 silly get     vary: 'Accept-Encoding' } ]
158 verbose etag https://registry.npmjs.org/imagemagick from cache
159 verbose get saving imagemagick to /home/marcus/.npm/registry.npmjs.org/imagemagick/.cache.json
160 verbose correctMkdir /home/marcus/.npm correctMkdir not in flight; initializing
161 verbose get https://registry.npmjs.org/papercut not expired, no request
162 silly cache afterAdd papercut@0.0.6
163 verbose afterAdd /home/marcus/.npm/papercut/0.0.6/package/package.json not in flight; writing
164 verbose correctMkdir /home/marcus/.npm correctMkdir not in flight; initializing
165 silly resolveWithNewModule imagemagick@0.1.3 checking installable status
166 silly cache add args [ 'imagemagick@^0.1.3', null ]
167 verbose cache add spec imagemagick@^0.1.3
168 silly cache add parsed spec Result {
168 silly cache add   raw: 'imagemagick@^0.1.3',
168 silly cache add   scope: null,
168 silly cache add   name: 'imagemagick',
168 silly cache add   rawSpec: '^0.1.3',
168 silly cache add   spec: '>=0.1.3 <0.2.0',
168 silly cache add   type: 'range' }
169 silly addNamed imagemagick@>=0.1.3 <0.2.0
170 verbose addNamed ">=0.1.3 <0.2.0" is a valid semver range for imagemagick
171 silly addNameRange { name: 'imagemagick', range: '>=0.1.3 <0.2.0', hasData: false }
172 silly mapToRegistry name imagemagick
173 silly mapToRegistry using default registry
174 silly mapToRegistry registry https://registry.npmjs.org/
175 silly mapToRegistry data Result {
175 silly mapToRegistry   raw: 'imagemagick',
175 silly mapToRegistry   scope: null,
175 silly mapToRegistry   name: 'imagemagick',
175 silly mapToRegistry   rawSpec: '',
175 silly mapToRegistry   spec: 'latest',
175 silly mapToRegistry   type: 'tag' }
176 silly mapToRegistry uri https://registry.npmjs.org/imagemagick
177 verbose addNameRange registry:https://registry.npmjs.org/imagemagick not in flight; fetching
178 verbose get https://registry.npmjs.org/imagemagick not expired, no request
179 silly addNameRange number 2 { name: 'imagemagick', range: '>=0.1.3 <0.2.0', hasData: true }
180 silly addNameRange versions [ 'imagemagick', [ '0.1.0', '0.1.1', '0.1.2', '0.1.3' ] ]
181 silly addNamed imagemagick@0.1.3
182 verbose addNamed "0.1.3" is a plain semver version for imagemagick
183 verbose afterAdd /home/marcus/.npm/papercut/0.0.6/package/package.json written
184 silly cache afterAdd imagemagick@0.1.3
185 verbose afterAdd /home/marcus/.npm/imagemagick/0.1.3/package/package.json not in flight; writing
186 verbose correctMkdir /home/marcus/.npm correctMkdir not in flight; initializing
187 verbose afterAdd /home/marcus/.npm/imagemagick/0.1.3/package/package.json written
188 http 200 https://registry.npmjs.org/async
189 verbose headers { server: 'CouchDB/1.5.0 (Erlang OTP/R16B03)',
189 verbose headers   etag: '"QDUVKY91K6NIBG5S6PCWDG9Q"',
189 verbose headers   'content-type': 'application/json',
189 verbose headers   'content-encoding': 'gzip',
189 verbose headers   'cache-control': 'max-age=300',
189 verbose headers   'content-length': '36101',
189 verbose headers   'accept-ranges': 'bytes',
189 verbose headers   date: 'Thu, 26 May 2016 01:34:48 GMT',
189 verbose headers   via: '1.1 varnish',
189 verbose headers   age: '132',
189 verbose headers   connection: 'keep-alive',
189 verbose headers   'x-served-by': 'cache-sjc3639-SJC',
189 verbose headers   'x-cache': 'HIT',
189 verbose headers   'x-cache-hits': '1',
189 verbose headers   'x-timer': 'S1464226488.581307,VS0,VE0',
189 verbose headers   vary: 'Accept-Encoding' }
190 silly get cb [ 200,
190 silly get   { server: 'CouchDB/1.5.0 (Erlang OTP/R16B03)',
190 silly get     etag: '"QDUVKY91K6NIBG5S6PCWDG9Q"',
190 silly get     'content-type': 'application/json',
190 silly get     'content-encoding': 'gzip',
190 silly get     'cache-control': 'max-age=300',
190 silly get     'content-length': '36101',
190 silly get     'accept-ranges': 'bytes',
190 silly get     date: 'Thu, 26 May 2016 01:34:48 GMT',
190 silly get     via: '1.1 varnish',
190 silly get     age: '132',
190 silly get     connection: 'keep-alive',
190 silly get     'x-served-by': 'cache-sjc3639-SJC',
190 silly get     'x-cache': 'HIT',
190 silly get     'x-cache-hits': '1',
190 silly get     'x-timer': 'S1464226488.581307,VS0,VE0',
190 silly get     vary: 'Accept-Encoding' } ]
191 verbose get saving async to /home/marcus/.npm/registry.npmjs.org/async/.cache.json
192 verbose correctMkdir /home/marcus/.npm correctMkdir not in flight; initializing
193 silly resolveWithNewModule async@2.0.0-rc.5 checking installable status
194 silly cache add args [ 'async@^2.0.0-rc.5', null ]
195 verbose cache add spec async@^2.0.0-rc.5
196 silly cache add parsed spec Result {
196 silly cache add   raw: 'async@^2.0.0-rc.5',
196 silly cache add   scope: null,
196 silly cache add   name: 'async',
196 silly cache add   rawSpec: '^2.0.0-rc.5',
196 silly cache add   spec: '>=2.0.0-rc.5 <3.0.0',
196 silly cache add   type: 'range' }
197 silly addNamed async@>=2.0.0-rc.5 <3.0.0
198 verbose addNamed ">=2.0.0-rc.5 <3.0.0" is a valid semver range for async
199 silly addNameRange { name: 'async', range: '>=2.0.0-rc.5 <3.0.0', hasData: false }
200 silly mapToRegistry name async
201 silly mapToRegistry using default registry
202 silly mapToRegistry registry https://registry.npmjs.org/
203 silly mapToRegistry data Result {
203 silly mapToRegistry   raw: 'async',
203 silly mapToRegistry   scope: null,
203 silly mapToRegistry   name: 'async',
203 silly mapToRegistry   rawSpec: '',
203 silly mapToRegistry   spec: 'latest',
203 silly mapToRegistry   type: 'tag' }
204 silly mapToRegistry uri https://registry.npmjs.org/async
205 verbose addNameRange registry:https://registry.npmjs.org/async not in flight; fetching
206 verbose get https://registry.npmjs.org/async not expired, no request
207 silly addNameRange number 2 { name: 'async', range: '>=2.0.0-rc.5 <3.0.0', hasData: true }
208 silly addNameRange versions [ 'async',
208 silly addNameRange   [ '0.1.0',
208 silly addNameRange     '0.1.1',
208 silly addNameRange     '0.1.2',
208 silly addNameRange     '0.1.3',
208 silly addNameRange     '0.1.4',
208 silly addNameRange     '0.1.5',
208 silly addNameRange     '0.1.6',
208 silly addNameRange     '0.1.7',
208 silly addNameRange     '0.1.8',
208 silly addNameRange     '0.1.9',
208 silly addNameRange     '0.1.10',
208 silly addNameRange     '0.1.11',
208 silly addNameRange     '0.1.12',
208 silly addNameRange     '0.1.13',
208 silly addNameRange     '0.1.14',
208 silly addNameRange     '0.1.15',
208 silly addNameRange     '0.1.16',
208 silly addNameRange     '0.1.17',
208 silly addNameRange     '0.1.18',
208 silly addNameRange     '0.1.19',
208 silly addNameRange     '0.1.20',
208 silly addNameRange     '0.1.21',
208 silly addNameRange     '0.1.22',
208 silly addNameRange     '0.2.0',
208 silly addNameRange     '0.2.1',
208 silly addNameRange     '0.2.2',
208 silly addNameRange     '0.2.3',
208 silly addNameRange     '0.2.4',
208 silly addNameRange     '0.2.5',
208 silly addNameRange     '0.2.6',
208 silly addNameRange     '0.2.7',
208 silly addNameRange     '0.2.8',
208 silly addNameRange     '0.2.9',
208 silly addNameRange     '0.2.10',
208 silly addNameRange     '0.3.0',
208 silly addNameRange     '0.4.0',
208 silly addNameRange     '0.4.1',
208 silly addNameRange     '0.5.0',
208 silly addNameRange     '0.6.0',
208 silly addNameRange     '0.6.1',
208 silly addNameRange     '0.6.2',
208 silly addNameRange     '0.7.0',
208 silly addNameRange     '0.8.0',
208 silly addNameRange     '0.9.0',
208 silly addNameRange     '0.9.2',
208 silly addNameRange     '1.0.0',
208 silly addNameRange     '1.1.0',
208 silly addNameRange     '1.2.0',
208 silly addNameRange     '1.1.1',
208 silly addNameRange     '1.2.1',
208 silly addNameRange     '1.3.0',
208 silly addNameRange     '1.4.0',
208 silly addNameRange     '1.4.1',
208 silly addNameRange     '1.4.2',
208 silly addNameRange     '1.5.0',
208 silly addNameRange     '1.5.1',
208 silly addNameRange     '1.5.2',
208 silly addNameRange     '2.0.0-alpha.0',
208 silly addNameRange     '2.0.0-rc.1',
208 silly addNameRange     '2.0.0-rc.2',
208 silly addNameRange     '2.0.0-rc.3',
208 silly addNameRange     '2.0.0-rc.4',
208 silly addNameRange     '2.0.0-rc.5' ] ]
209 silly addNamed async@2.0.0-rc.5
210 verbose addNamed "2.0.0-rc.5" is a plain semver version for async
211 silly cache afterAdd async@2.0.0-rc.5
212 verbose afterAdd /home/marcus/.npm/async/2.0.0-rc.5/package/package.json not in flight; writing
213 verbose correctMkdir /home/marcus/.npm correctMkdir not in flight; initializing
214 verbose afterAdd /home/marcus/.npm/async/2.0.0-rc.5/package/package.json written
215 silly rollbackFailedOptional Starting
216 silly rollbackFailedOptional Finishing
217 silly runTopLevelLifecycles Starting
218 silly runTopLevelLifecycles Finishing
219 silly install printInstalled
220 verbose stack Error: ENOENT: no such file or directory, open '/home/marcus/projects/ecommerce-exam/ecommerce-project/enyo/dropzone@*'
220 verbose stack     at Error (native)
221 verbose cwd /home/marcus/projects/ecommerce-exam/ecommerce-project
222 error Linux 4.2.0-34-generic
223 error argv "/opt/node-v6.1.0-linux-x64/bin/node" "/opt/node-v6.1.0-linux-x64/bin/npm" "install"
224 error node v6.1.0
225 error npm  v3.8.6
226 error path /home/marcus/projects/ecommerce-exam/ecommerce-project/enyo/dropzone@*
227 error code ENOENT
228 error errno -2
229 error syscall open
230 error enoent ENOENT: no such file or directory, open '/home/marcus/projects/ecommerce-exam/ecommerce-project/enyo/dropzone@*'
231 error enoent ENOENT: no such file or directory, open '/home/marcus/projects/ecommerce-exam/ecommerce-project/enyo/dropzone@*'
231 error enoent This is most likely not a problem with npm itself
231 error enoent and is related to npm not being able to find a file.
232 verbose exit [ -2, true ]
